mysql> select * from bat.expplaque order by totexp desc limit 1000;
+--------------+------------+------+---------+
| player       | totexp     | lvl  | hideexp |
+--------------+------------+------+---------+
| Toag         | 1371534062 |  100 |       1 | 
| Demicore     | 1277325019 |  100 |       1 | 
| Mithrand     | 1192379875 |  100 |       1 | 
| Broetchen    |  959333208 |  100 |       0 | 
| Moonlord     |  917229682 |  100 |       0 | 
| Blnk         |  895701113 |  100 |       1 | 
| Sarmangoth   |  845482633 |  100 |       1 | 
| Druff        |  824929729 |  100 |       1 | 
| Rankku       |  824441999 |  100 |       0 | 
| Qurp         |  795467086 |  100 |       1 | 
| Cutter       |  767520411 |  100 |       0 | 
| Turmio       |  722488149 |  100 |       0 | 
| Dogi         |  717136149 |  100 |       0 | 
| Smoking      |  714250634 |  100 |       1 | 
| Brillo       |  709296207 |  100 |       1 | 
| Thanril      |  702471576 |  100 |       1 | 
| Norz         |  702158305 |  100 |       1 | 
| Pirutar      |  688897060 |  100 |       0 | 
| Balroc       |  683928039 |  100 |       1 | 
| Rocker       |  677825688 |  100 |       1 | 
| Deathwind    |  675727166 |  100 |       0 | 
| Zenick       |  671906054 |  100 |       1 | 
| Garou        |  656581880 |  100 |       0 | 
| Nosunrise    |  648049323 |  100 |       1 | 
| Moss         |  639701576 |  100 |       1 | 
| Cyberlahko   |  632985933 |  100 |       0 | 
| Amd          |  627685268 |  100 |       0 | 
| Gaurhoth     |  619908969 |  100 |       0 | 
| Vendar       |  615853129 |  100 |       1 | 
| Yehat        |  613776413 |  100 |       0 | 
| Daria        |  607478583 |  100 |       0 | 
| Grimpold     |  602446910 |  100 |       1 | 
| Frenor       |  600656674 |   98 |       1 | 
| Cran         |  599234471 |  100 |       0 | 
| Daerid       |  593618342 |  100 |       1 | 
| Bleezuz      |  591149982 |  100 |       1 | 
| Conquer      |  588652260 |  100 |       0 | 
| Aloysha      |  586135665 |  100 |       0 | 
| Jacen        |  584937902 |  100 |       0 | 
| Argoroth     |  576270237 |   96 |       0 | 
| Blux         |  575161758 |  100 |       1 | 
| Cola         |  567706539 |  100 |       1 | 
| Andthi       |  567567855 |  100 |       0 | 
| Dazzt        |  560531141 |  100 |       0 | 
| Onyxsablet   |  558065530 |  100 |       0 | 
| Spid         |  555892221 |  100 |       1 | 
| Nomiculious  |  553940300 |  100 |       0 | 
| Thumper      |  553289300 |  100 |       0 | 
| Tarli        |  552613942 |  100 |       0 | 
| Murrough     |  549803877 |  100 |       0 | 
| Jokke        |  549467527 |  100 |       1 | 
| Kerad        |  546866201 |   61 |       0 | 
| Wermine      |  539981541 |  100 |       1 | 
| Nina         |  539553985 |  100 |       1 | 
| Stefan       |  531809795 |  100 |       1 | 
| Delpers      |  527852340 |  100 |       0 | 
| Milk         |  526972626 |  100 |       1 | 
| Requiem      |  526662892 |  100 |       1 | 
| Kaide        |  523899889 |   98 |       0 | 
| Elurin       |  522300769 |  100 |       1 | 
| Alva         |  520366351 |  100 |       0 | 
| Kerpele      |  519933571 |  100 |       1 | 
| Brokus       |  515778121 |  100 |       1 | 
| Kenn         |  512173458 |  100 |       1 | 
| Zipob        |  510634431 |  100 |       0 | 
| Nuane        |  510317460 |  100 |       0 | 
| Beyond       |  507162815 |   98 |       0 | 
| Willi        |  504665154 |   97 |       0 | 
| Zarx         |  499205733 |  100 |       0 | 
| Lammas       |  498784588 |  100 |       0 | 
| Miksa        |  497740707 |  100 |       1 | 
| Nomed        |  491898823 |   97 |       0 | 
| Chizra       |  490518666 |  100 |       0 | 
| Orthanc      |  483061812 |  100 |       0 | 
| Desos        |  481869318 |   98 |       1 | 
| Baltzebub    |  481582440 |  100 |       1 | 
| Greatorian   |  480869849 |  100 |       0 | 
| Rjak         |  480243040 |  100 |       1 | 
| Hantsaus     |  475454581 |  100 |       0 | 
| Asolo        |  469020102 |  100 |       0 | 
| Proteus      |  468671707 |   94 |       0 | 
| Kerzebel     |  467495919 |  100 |       0 | 
| Zup          |  467225587 |   98 |       0 | 
| Lim          |  464865283 |  100 |       0 | 
| Brog         |  464454162 |  100 |       1 | 
| Foxbat       |  463647988 |  100 |       1 | 
| Resin        |  461396666 |  100 |       0 | 
| Dryad        |  461301688 |   91 |       0 | 
| Sly          |  461155623 |   99 |       0 | 
| Headway      |  454147747 |   93 |       0 | 
| Saugor       |  453809594 |   94 |       1 | 
| Kyynel       |  448853065 |  100 |       0 | 
| Corp         |  445128885 |  100 |       1 | 
| Kozma        |  440185501 |  100 |       1 | 
| Zithromax    |  439901002 |   95 |       0 | 
| Yuras        |  439052381 |   90 |       0 | 
| Drifter      |  437545092 |   91 |       0 | 
| Fizbuck      |  436630750 |  100 |       1 | 
| Erlend       |  433539705 |   40 |       0 | 
| Torc         |  433382585 |  100 |       1 | 
| Morpher      |  430575479 |  100 |       0 | 
| Elero        |  429232306 |  100 |       1 | 
| Nuc          |  428196172 |   91 |       0 | 
| Tyro         |  422873538 |  100 |       0 | 
| Geryon       |  420638398 |   99 |       1 | 
| Heretic      |  418899652 |   90 |       1 | 
| Unreserved   |  418092088 |  100 |       0 | 
| Narril       |  417848599 |   95 |       0 | 
| Alvin        |  415956756 |  100 |       1 | 
| Mihkali      |  414810584 |   22 |       0 | 
| Mingray      |  412418984 |   90 |       1 | 
| Arnoldi      |  410678569 |  100 |       0 | 
| Wormtongue   |  409431022 |  100 |       0 | 
| Walciz       |  407416069 |  100 |       0 | 
| Tumbelius    |  407349325 |   94 |       0 | 
| Hurin        |  404001112 |   98 |       1 | 
| Klar         |  403148944 |   90 |       0 | 
| Larppa       |  403002648 |   90 |       1 | 
| Cazul        |  401447316 |   97 |       0 | 
| Ioreth       |  392834316 |  100 |       0 | 
| Humma        |  391678265 |   92 |       0 | 
| Bashag       |  390349033 |   91 |       1 | 
| Yrden        |  387952226 |   95 |       1 | 
| Weilian      |  387667518 |   90 |       1 | 
| Erwain       |  386489114 |   96 |       0 | 
| Rocket       |  385077687 |  100 |       1 | 
| Hannah       |  383550249 |  100 |       1 | 
| Pogowoko     |  380408926 |  100 |       1 | 
| Deleana      |  380393714 |  100 |       0 | 
| Soya         |  378430434 |   99 |       0 | 
| Kape         |  377767651 |  100 |       0 | 
| Captnapalm   |  375110740 |  100 |       0 | 
| Tzager       |  375006953 |  100 |       1 | 
| Khamon       |  374997859 |  100 |       1 | 
| Facekiller   |  374960090 |  100 |       0 | 
| Zaltor       |  374758091 |   99 |       1 | 
| Blodwyn      |  374739871 |   97 |       0 | 
| Juicer       |  373702675 |  100 |       1 | 
| Crowbar      |  373411666 |   95 |       1 | 
| Beliah       |  372037234 |   92 |       0 | 
| Slobber      |  371651539 |   93 |       0 | 
| Pehtoori     |  369297057 |   94 |       1 | 
| Balthas      |  367740643 |   95 |       1 | 
| Kohothegreat |  365645633 |   90 |       0 | 
| Blayke       |  364462851 |   94 |       0 | 
| Xarath       |  363437033 |  100 |       0 | 
| Aceduck      |  363322444 |   90 |       0 | 
| Morik        |  361521471 |   90 |       0 | 
| Dandy        |  360677640 |  100 |       0 | 
| Scary        |  358270188 |   90 |       1 | 
| Matriam      |  357798475 |   91 |       1 | 
| Zammy        |  357767513 |   90 |       0 | 
| Sunshine     |  357113019 |  100 |       1 | 
| Shar         |  356424340 |   90 |       1 | 
| Sareth       |  355914430 |   90 |       1 | 
| Croesus      |  354832845 |   94 |       0 | 
| Cobain       |  351981638 |   93 |       1 | 
| Aleksi       |  351599766 |  100 |       1 | 
| Caruth       |  351269449 |   97 |       0 | 
| Stargazer    |  350847633 |   90 |       0 | 
| Aranon       |  350155027 |   93 |       1 | 
| Vups         |  349540993 |   90 |       1 | 
| Caveron      |  349344947 |   93 |       0 | 
| Kiraffi      |  349113331 |   95 |       1 | 
| Mino         |  347143270 |   90 |       0 | 
| Halle        |  346963888 |   85 |       0 | 
| Sprite       |  346769116 |  100 |       1 | 
| Wintergreen  |  344733412 |   93 |       0 | 
| Mangara      |  343616429 |  100 |       1 | 
| Walor        |  343006498 |   90 |       0 | 
| Lightscape   |  342449168 |   75 |       0 | 
| Gorph        |  341020763 |   91 |       1 | 
| Interactive  |  339502483 |   90 |       0 | 
| Kragan       |  338959551 |   97 |       0 | 
| Lordil       |  338232696 |   88 |       0 | 
| Lasanta      |  338214487 |   93 |       1 | 
| Presence     |  337674483 |   86 |       0 | 
| Boog         |  337354903 |   97 |       0 | 
| Ssmud        |  335395490 |   91 |       0 | 
| Aegis        |  334746157 |  100 |       1 | 
| Serje        |  333346426 |   95 |       1 | 
| Steelheart   |  332983618 |   96 |       1 | 
| Roenick      |  332809219 |   99 |       0 | 
| Keat         |  329661140 |   95 |       1 | 
| Thunk        |  329625727 |   99 |       1 | 
| Molotov      |  329404355 |   92 |       1 | 
| Smash        |  327479615 |  100 |       1 | 
| Rauskis      |  326947505 |   87 |       1 | 
| Susette      |  326338791 |   94 |       1 | 
| Tyril        |  325698212 |   90 |       1 | 
| Innuendo     |  324414315 |   94 |       0 | 
| Oak          |  324387927 |  100 |       1 | 
| Mallarch     |  323317512 |   96 |       1 | 
| Silencer     |  323268935 |   94 |       1 | 
| Nufan        |  322573233 |  100 |       1 | 
| Nazrix       |  322383460 |   97 |       0 | 
| Tascruel     |  322052830 |   91 |       0 | 
| Atomska      |  321911132 |   94 |       0 | 
| Decapit      |  320359970 |   90 |       1 | 
| Bohemian     |  319725784 |  100 |       1 | 
| Goldie       |  319231579 |   93 |       1 | 
| Tarkus       |  319030577 |    1 |       1 | 
| Septium      |  317153261 |   85 |       0 | 
| Dafur        |  316700378 |   92 |       0 | 
| Flora        |  315816490 |  100 |       1 | 
| Daran        |  314414027 |  100 |       1 | 
| Glaurung     |  314410541 |   90 |       0 | 
| Klinga       |  314244673 |   90 |       1 | 
| Glycoli      |  314233722 |  100 |       0 | 
| Eraser       |  313575414 |   91 |       1 | 
| Cavalier     |  312818445 |   91 |       0 | 
| Mysteryman   |  312772577 |   92 |       1 | 
| Panthos      |  311174576 |   94 |       0 | 
| Valdec       |  309959782 |   90 |       0 | 
| Predator     |  309886611 |   93 |       0 | 
| Shadizar     |  308464173 |   98 |       1 | 
| Gemiina      |  306253286 |  100 |       1 | 
| Mahon        |  305156518 |   87 |       1 | 
| Alder        |  304891843 |   95 |       1 | 
| Tackle       |  304705388 |   88 |       0 | 
| Antikiller   |  303398372 |   93 |       0 | 
| Maia         |  303356363 |   97 |       0 | 
| Geroth       |  303270373 |   91 |       0 | 
| Anakin       |  302635420 |   87 |       0 | 
| Toth         |  302165306 |   97 |       1 | 
| Laaban       |  301579223 |   90 |       1 | 
| Zorc         |  301414851 |   90 |       1 | 
| Kahmuli      |  299962531 |   78 |       0 | 
| Munkki       |  299959724 |   96 |       1 | 
| Solarhawk    |  299938899 |   91 |       0 | 
| Hymn         |  299836337 |   83 |       0 | 
| Typhos       |  298824921 |   84 |       0 | 
| Gilead       |  297532248 |   90 |       0 | 
| Krzysiek     |  297529050 |   90 |       0 | 
| Galaf        |  297460287 |   94 |       0 | 
| Spick        |  297171553 |   90 |       0 | 
| Tonto        |  296973654 |   94 |       1 | 
| Delveling    |  296683354 |   92 |       0 | 
| Martow       |  296565803 |   93 |       0 | 
| Azgaroth     |  296561651 |   92 |       0 | 
| Murdoch      |  294836631 |   90 |       0 | 
| Cealdyn      |  294312736 |   91 |       0 | 
| Garok        |  293089648 |   92 |       0 | 
| Lazarus      |  291520937 |   80 |       1 | 
| Puhuri       |  290459995 |   98 |       1 | 
| Mandrake     |  290029782 |  100 |       1 | 
| Mendar       |  288407591 |   95 |       0 | 
| Calmar       |  288316639 |   93 |       0 | 
| Don          |  286682486 |   90 |       0 | 
| Macala       |  286003760 |  100 |       1 | 
| Masteri      |  285793239 |   94 |       0 | 
| Slith        |  284005451 |   79 |       0 | 
| Serf         |  283399262 |   80 |       1 | 
| Markuz       |  283083257 |   91 |       0 | 
| Backlash     |  281970970 |  100 |       0 | 
| Arachon      |  279943592 |   95 |       1 | 
| Xyloid       |  279748447 |   98 |       1 | 
| Dwilgar      |  278938249 |   84 |       0 | 
| Alorn        |  278507064 |   90 |       1 | 
| Hit          |  277326591 |   90 |       1 | 
| Parsin       |  276702062 |   91 |       1 | 
| Div          |  275295531 |   90 |       1 | 
| Toudi        |  274993797 |   45 |       1 | 
| Mercury      |  274718945 |   98 |       0 | 
| Nct          |  274114299 |   95 |       0 | 
| Nemsis       |  274027861 |   85 |       0 | 
| Imperator    |  273535013 |   90 |       0 | 
| Runko        |  273409966 |   90 |       0 | 
| Mcgurmee     |  273265465 |  100 |       0 | 
| Vesku        |  272348559 |   90 |       0 | 
| Savok        |  270902126 |   90 |       0 | 
| Goa          |  270716335 |   90 |       1 | 
| Superlaama   |  270099064 |   96 |       1 | 
| Chamber      |  268922115 |   92 |       0 | 
| Spica        |  268692685 |   90 |       1 | 
| Kalarobotti  |  268312055 |   89 |       1 | 
| Kheldor      |  268283939 |   93 |       1 | 
| Horns        |  267877819 |   90 |       0 | 
| Shalkan      |  267063699 |   90 |       0 | 
| Kari         |  266160171 |   90 |       0 | 
| Vasquelor    |  265625442 |   83 |       0 | 
| Reann        |  265215001 |  100 |       1 | 
| Rauta        |  264839730 |   90 |       1 | 
| Drum         |  263485239 |  100 |       1 | 
| Blower       |  261193884 |  100 |       1 | 
| Dunlop       |  260778108 |   92 |       0 | 
| Zulle        |  260494282 |   91 |       0 | 
| Fobbis       |  260258244 |   85 |       1 | 
| Ganelon      |  259544988 |   88 |       0 | 
| Fimir        |  259425714 |   93 |       0 | 
| Ivan         |  259365020 |   85 |       0 | 
| Comax        |  258916514 |   93 |       0 | 
| Lurkku       |  256898937 |   92 |       0 | 
| Akku         |  256671661 |   90 |       1 | 
| Flirt        |  255965409 |   91 |       0 | 
| Hairybelly   |  255718706 |   85 |       0 | 
| Sylkwyng     |  255572322 |   89 |       1 | 
| Sumendar     |  255404677 |   90 |       0 | 
| Tfafalcon    |  254628915 |   93 |       0 | 
| Xymbarg      |  254491840 |   90 |       1 | 
| Skie         |  253431415 |   97 |       1 | 
| Keno         |  252612308 |   91 |       0 | 
| Toivo        |  252528242 |   92 |       1 | 
| Borealis     |  251525143 |   93 |       0 | 
| Mega         |  251281418 |   90 |       1 | 
| Belse        |  251166019 |   86 |       0 | 
| Muroxite     |  251005733 |   90 |       1 | 
| Sirus        |  250121324 |   92 |       0 | 
| Marv         |  250096853 |   92 |       1 | 
| Nepnep       |  249780354 |   82 |       0 | 
| Formse       |  248765965 |   93 |       1 | 
| Mankind      |  248399789 |   91 |       0 | 
| Zash         |  247317369 |   90 |       1 | 
| Draxx        |  246748381 |   92 |       1 | 
| Boot         |  246570301 |   88 |       0 | 
| Kanth        |  245905776 |   80 |       0 | 
| Diego        |  245325846 |   90 |       1 | 
| Dornier      |  244590366 |   85 |       1 | 
| Ziba         |  244471828 |   87 |       0 | 
| Dalle        |  244140462 |   92 |       0 | 
| Shmuzin      |  244120984 |   88 |       0 | 
| Zinko        |  242672015 |   90 |       0 | 
| Mursia       |  242233226 |   90 |       0 | 
| Hora         |  241526017 |   95 |       1 | 
| Tatza        |  241091724 |   85 |       0 | 
| Entor        |  241036346 |   89 |       1 | 
| Skyline      |  240640235 |   90 |       0 | 
| Exorcist     |  240148982 |   87 |       0 | 
| Murgan       |  239408890 |   86 |       0 | 
| Zhagaal      |  236857958 |   80 |       1 | 
| Xortan       |  235828194 |   85 |       1 | 
| Ksahn        |  234831253 |   91 |       1 | 
| Doughnut     |  232611733 |   88 |       1 | 
| Snort        |  232363619 |   84 |       0 | 
| Barry        |  231219078 |   78 |       1 | 
| Sparhawk     |  230865146 |   90 |       0 | 
| Damogles     |  230635752 |   79 |       0 | 
| Jerkkis      |  230146588 |   70 |       0 | 
| Vp           |  229460675 |   90 |       0 | 
| Shadowguard  |  229249435 |   89 |       1 | 
| Hampuusi     |  228803069 |   90 |       0 | 
| Grimmm       |  228135048 |   89 |       0 | 
| Morglum      |  227789153 |   96 |       1 | 
| Iceheart     |  226792136 |   90 |       1 | 
| Aruthra      |  226241576 |   82 |       0 | 
| Goricor      |  226003635 |   49 |       1 | 
| Cranax       |  225785664 |   85 |       0 | 
| Armak        |  225382733 |   86 |       0 | 
| Spiral       |  225071218 |   90 |       1 | 
| Robinhood    |  224873249 |   91 |       0 | 
| Noseglue     |  224314715 |   91 |       0 | 
| Sitruuna     |  223443195 |   55 |       0 | 
| Zartan       |  222208654 |  100 |       1 | 
| Desotarion   |  221984892 |   85 |       1 | 
| Farliss      |  221630996 |   94 |       1 | 
| Serra        |  221428883 |   87 |       0 | 
| Wex          |  221079371 |   78 |       0 | 
| Mandigal     |  220879225 |   88 |       0 | 
| Khar         |  219955887 |   90 |       1 | 
| Dachante     |  219453448 |   90 |       1 | 
| Aune         |  219067212 |   91 |       0 | 
| Banzol       |  217968251 |   72 |       1 | 
| Minerva      |  217919959 |   93 |       0 | 
| Anjew        |  217551022 |   78 |       0 | 
| Makke        |  217050938 |   88 |       0 | 
| Thundrax     |  217047769 |   90 |       0 | 
| Leeko        |  216893939 |   80 |       0 | 
| Freld        |  216237094 |   88 |       0 | 
| Duckman      |  216217360 |   90 |       0 | 
| Xentarios    |  216128444 |   74 |       0 | 
| Kreegah      |  215927434 |   90 |       0 | 
| Damut        |  215042156 |   82 |       0 | 
| Tsuran       |  214455733 |   90 |       1 | 
| Sir          |  214288096 |   90 |       0 | 
| Calada       |  214151333 |   93 |       0 | 
| Lark         |  214024900 |   85 |       0 | 
| Ealoren      |  213987800 |   84 |       0 | 
| Nail         |  213819645 |   86 |       1 | 
| Harza        |  212059694 |   93 |       1 | 
| Huppu        |  211253414 |   93 |       0 | 
| Kyndig       |  209876504 |   95 |       0 | 
| Eressa       |  209390238 |   46 |       0 | 
| Blacksmith   |  208933146 |   73 |       0 | 
| Zod          |  208857820 |   92 |       1 | 
| Azhuul       |  208809000 |   86 |       1 | 
| Bhamgral     |  208501492 |   90 |       0 | 
| Lighthouse   |  207331426 |   75 |       0 | 
| Barso        |  207000141 |   88 |       1 | 
| Valger       |  206869734 |   90 |       1 | 
| Buddha       |  206611990 |   89 |       1 | 
| Xodan        |  205956607 |   86 |       0 | 
| Warcas       |  205190605 |   93 |       1 | 
| Biubau       |  205109915 |   90 |       0 | 
| Durtle       |  204864788 |   90 |       1 | 
| Krokodiili   |  203926709 |   92 |       0 | 
| Bloodhunter  |  203804784 |   78 |       0 | 
| Klerris      |  203130742 |   91 |       0 | 
| Sperwer      |  203077611 |   77 |       0 | 
| Kiwi         |  202456093 |    1 |       0 | 
| Xedar        |  202272512 |   90 |       0 | 
| Demo         |  201046060 |   84 |       0 | 
| Seaside      |  200526326 |   79 |       0 | 
| Triton       |  200483910 |   87 |       1 | 
| Caps         |  200244206 |   90 |       0 | 
| Rulla        |  199541660 |   87 |       1 | 
| Pludo        |  199474233 |   87 |       0 | 
| Endure       |  199301284 |   84 |       0 | 
| Scriptor     |  197343302 |   88 |       0 | 
| Okk          |  197169305 |   90 |       1 | 
| Malacoda     |  196700023 |   77 |       0 | 
| Kitania      |  196161748 |   91 |       0 | 
| Stark        |  195400262 |   87 |       0 | 
| Wirah        |  194823079 |   83 |       0 | 
| Mehtar       |  194550750 |   84 |       1 | 
| Dorim        |  194020584 |   85 |       0 | 
| Poe          |  193983592 |   90 |       1 | 
| Air          |  193135236 |   95 |       0 | 
| Orgg         |  192934835 |   83 |       1 | 
| Maejt        |  192706293 |   90 |       1 | 
| Raukka       |  192547219 |   93 |       0 | 
| Halox        |  191984743 |   90 |       0 | 
| Capula       |  191656066 |   80 |       1 | 
| Kryss        |  190909225 |   80 |       0 | 
| Len          |  190787096 |   90 |       0 | 
| Niagara      |  189997211 |   88 |       1 | 
| Mathieu      |  189784861 |   88 |       0 | 
| Saigere      |  189742507 |   85 |       0 | 
| Kuola        |  189673818 |   52 |       0 | 
| Kiefer       |  189354013 |   72 |       1 | 
| Elmindos     |  189198320 |   80 |       0 | 
| Deras        |  188995491 |   87 |       0 | 
| Waser        |  187971033 |   82 |       1 | 
| Vippy        |  187778407 |   90 |       0 | 
| Erygon       |  186512724 |   85 |       0 | 
| Shadowwar    |  186279068 |   78 |       0 | 
| Anastasia    |  185974256 |   68 |       0 | 
| Rapidfire    |  184478154 |   88 |       0 | 
| Zard         |  184345300 |   87 |       1 | 
| Locray       |  183706856 |   90 |       1 | 
| Kiilgore     |  183334512 |   87 |       1 | 
| Cobel        |  183161512 |   15 |       0 | 
| Anon         |  182978799 |   76 |       0 | 
| Boysen       |  182962167 |   77 |       0 | 
| Stormslayer  |  182721860 |   42 |       1 | 
| Chorale      |  182712648 |   90 |       1 | 
| Hobo         |  182577236 |   90 |       1 | 
| Dreoca       |  182506344 |   90 |       0 | 
| Ananator     |  182493488 |   90 |       1 | 
| Dagel        |  181114409 |   83 |       0 | 
| Kazzu        |  180794558 |   91 |       0 | 
| Ginsen       |  180689740 |   84 |       0 | 
| Sancran      |  180457356 |   80 |       0 | 
| Naurava      |  179571673 |   89 |       1 | 
| Moe          |  179040779 |   78 |       0 | 
| Dirke        |  178631249 |   83 |       0 | 
| Immortal     |  177966088 |   88 |       1 | 
| Didan        |  177607482 |   90 |       1 | 
| Elmoth       |  177524572 |   87 |       0 | 
| Venine       |  177144288 |   88 |       1 | 
| Malos        |  176960229 |   87 |       0 | 
| Necrobarbie  |  176600220 |   82 |       0 | 
| Consta       |  175643315 |   71 |       0 | 
| Troile       |  174986107 |   85 |       1 | 
| Andrew       |  174952221 |   73 |       0 | 
| Citadel      |  174159191 |   90 |       0 | 
| Avenar       |  174089844 |   86 |       0 | 
| Bippo        |  173457141 |   84 |       0 | 
| Celesta      |  173352102 |   85 |       1 | 
| Crusifer     |  172939883 |   60 |       1 | 
| Slughter     |  172834427 |   80 |       1 | 
| Mustamiekka  |  171982795 |   86 |       1 | 
| Puptah       |  171204861 |   90 |       0 | 
| Mazaharaza   |  170963070 |   90 |       1 | 
| Dilb         |  169985773 |   85 |       1 | 
| Oku          |  169927782 |   80 |       1 | 
| Raizar       |  169317168 |   84 |       0 | 
| Toum         |  169030523 |   86 |       1 | 
| Delion       |  168823925 |   80 |       1 | 
| Luca         |  168821411 |   90 |       0 | 
| Stalgrad     |  168605425 |   86 |       0 | 
| Serpens      |  168394891 |   86 |       0 | 
| Zarych       |  168183652 |   88 |       0 | 
| Sam          |  167766666 |   83 |       1 | 
| Icebear      |  167637064 |   80 |       0 | 
| Jaael        |  167341323 |   40 |       1 | 
| Linzhou      |  166600750 |   86 |       0 | 
| Jutom        |  166057781 |   90 |       0 | 
| Jantsu       |  165112811 |   90 |       0 | 
| Flea         |  165060127 |   50 |       1 | 
| Joxu         |  165002147 |   77 |       1 | 
| Turska       |  164366823 |   90 |       0 | 
| Kooper       |  164155769 |   90 |       0 | 
| Myrkull      |  164044838 |   83 |       0 | 
| Fulgore      |  164016469 |   90 |       0 | 
| Thorswrath   |  164001226 |   78 |       0 | 
| Trandar      |  163963352 |   82 |       0 | 
| Shaggydope   |  163958796 |   75 |       0 | 
| Ratza        |  163708267 |   87 |       0 | 
| Neth         |  163706600 |   80 |       1 | 
| Shura        |  163083587 |   85 |       1 | 
| Deathwing    |  162864981 |   87 |       0 | 
| Rika         |  162845461 |   80 |       0 | 
| Zalcon       |  162622586 |   80 |       0 | 
| Kazgaroth    |  162554347 |   83 |       1 | 
| Correl       |  162295295 |   80 |       0 | 
| Mikaiyla     |  161718256 |   79 |       0 | 
| Ggr          |  161069074 |   82 |       0 | 
| Kapu         |  160785460 |   84 |       0 | 
| Lyriikka     |  160747479 |   90 |       1 | 
| Moonshine    |  160701252 |   70 |       0 | 
| Blackstar    |  160603235 |   82 |       0 | 
| Yason        |  160449453 |   90 |       0 | 
| Mardraum     |  160340791 |   78 |       0 | 
| Tap          |  160196240 |   80 |       1 | 
| Pim          |  160089248 |   85 |       0 | 
| Zenor        |  160051883 |   83 |       0 | 
| Chaoslord    |  159722859 |   80 |       0 | 
| Calidus      |  159136397 |   80 |       1 | 
| Arkkimedes   |  159107669 |   35 |       0 | 
| Continuity   |  159011724 |   96 |       0 | 
| Kondrad      |  158593344 |   73 |       1 | 
| Latexi       |  157846507 |   76 |       1 | 
| Tuppi        |  157162742 |   80 |       0 | 
| Jarlaxle     |  156823441 |   76 |       1 | 
| Baramoth     |  156583212 |   85 |       0 | 
| Hannibal     |  156426894 |   74 |       0 | 
| Niliz        |  156389676 |   70 |       0 | 
| Gru          |  156388766 |   85 |       1 | 
| Mape         |  156375026 |   90 |       1 | 
| Maximus      |  155066174 |   70 |       1 | 
| Gillibo      |  154925462 |   70 |       0 | 
| Enandor      |  154730024 |   75 |       1 | 
| Dargon       |  154611136 |   90 |       0 | 
| Vulcanus     |  154097723 |   77 |       1 | 
| Marmaar      |  153551137 |   76 |       0 | 
| Cordoba      |  153405468 |   77 |       0 | 
| Korasia      |  153150035 |   90 |       1 | 
| Inferno      |  153058477 |   80 |       0 | 
| Shaermon     |  152872880 |   85 |       0 | 
| Tanta        |  152599860 |   90 |       1 | 
| Zograh       |  151906845 |   80 |       0 | 
| Kanis        |  151884176 |   78 |       0 | 
| Myshkin      |  151432741 |   78 |       1 | 
| Miller       |  151342577 |   80 |       0 | 
| Wanderer     |  151151978 |   25 |       0 | 
| Grain        |  150947930 |   90 |       1 | 
| Talon        |  150854845 |   80 |       1 | 
| Valtava      |  150466253 |   78 |       0 | 
| Shay         |  150386083 |   82 |       1 | 
| Pietu        |  150377949 |   85 |       1 | 
| Caitline     |  150368911 |   83 |       0 | 
| Harle        |  150302141 |   80 |       0 | 
| Strikerbum   |  150242119 |   80 |       0 | 
| Buddhaman    |  150230076 |   80 |       0 | 
| Ulver        |  150196761 |   83 |       0 | 
| Yandor       |  150174130 |   83 |       0 | 
| Viko         |  150174001 |   86 |       0 | 
| Saa          |  150170495 |   75 |       0 | 
| Thorak       |  150130414 |   76 |       0 | 
| Sraz         |  150126236 |   80 |       1 | 
| Hardagon     |  150036373 |   67 |       0 | 
| Kahvia       |  150033139 |   60 |       0 | 
| Blunt        |  150030702 |   83 |       0 | 
| Rognus       |  150017313 |   83 |       0 | 
| Tan          |  150008166 |   80 |       0 | 
| Blackhand    |  150005920 |   83 |       1 | 
| Isovaalee    |  149972269 |   70 |       0 | 
| Virgo        |  149947391 |   79 |       0 | 
| Apopapopyy   |  149943961 |   85 |       0 | 
| Pagar        |  149761122 |   82 |       0 | 
| Sandel       |  149313899 |   73 |       0 | 
| Finwe        |  149277673 |   85 |       1 | 
| Azmodan      |  149231749 |   86 |       1 | 
| Tixe         |  149055808 |   72 |       0 | 
| Zerks        |  148716975 |   82 |       0 | 
| Ordos        |  148698680 |   80 |       0 | 
| Jeskko       |  148674265 |   85 |       0 | 
| Yig          |  148508545 |   73 |       0 | 
| Zerlun       |  148347099 |   16 |       0 | 
| Scaramouche  |  148316755 |   83 |       1 | 
| Farthon      |  148297750 |   90 |       0 | 
| Taylon       |  148145224 |   70 |       0 | 
| Lilhomy      |  147716749 |   80 |       1 | 
| Lux          |  147183718 |   70 |       1 | 
| Blazzer      |  146558983 |   85 |       0 | 
| Nu           |  146116203 |   79 |       0 | 
| Sekiah       |  146051145 |   59 |       0 | 
| Reyalp       |  146043536 |   79 |       0 | 
| Gorge        |  146015810 |   90 |       1 | 
| Crysan       |  146014783 |   88 |       0 | 
| Scaler       |  145615600 |   85 |       0 | 
| Nurtti       |  145607812 |   75 |       1 | 
| Macic        |  145551512 |   81 |       1 | 
| Twomi        |  144854193 |   80 |       0 | 
| Mackakkonen  |  144800352 |   85 |       0 | 
| Birdie       |  144657388 |   82 |       0 | 
| Galdriel     |  144158633 |   85 |       1 | 
| Dakir        |  143924135 |   80 |       0 | 
| Illusia      |  143755807 |   80 |       1 | 
| Antrax       |  143385075 |   67 |       1 | 
| Eliam        |  143116021 |   75 |       1 | 
| Darian       |  142263503 |   78 |       0 | 
| Namo         |  141690286 |   86 |       0 | 
| Roscop       |  141103415 |   79 |       1 | 
| Derivator    |  140254615 |   72 |       0 | 
| Heze         |  140086749 |   85 |       1 | 
| Byzant       |  139988055 |   78 |       0 | 
| Cozmo        |  139427524 |   85 |       1 | 
| Maruk        |  139355150 |   45 |       0 | 
| Desert       |  139091934 |   83 |       0 | 
| Malicat      |  139056959 |   87 |       1 | 
| Spinoza      |  138842528 |   87 |       1 | 
| Venomwwa     |  138736431 |   60 |       0 | 
| Radagast     |  138517975 |   87 |       0 | 
| Ironfist     |  138484383 |   75 |       0 | 
| Karamacho    |  138461429 |   78 |       1 | 
| Gorehound    |  138151998 |   79 |       0 | 
| Sephiroth    |  138063756 |   83 |       0 | 
| Eldegast     |  138020200 |   78 |       0 | 
| Liku         |  137981248 |   85 |       0 | 
| Alving       |  137978894 |   70 |       0 | 
| Jagoman      |  137945615 |   86 |       1 | 
| Battler      |  137768707 |   84 |       0 | 
| Wide         |  137171768 |   80 |       0 | 
| Ziggy        |  136851012 |   80 |       0 | 
| Illusika     |  136748102 |   80 |       1 | 
| Victor       |  136652449 |   78 |       1 | 
| Braik        |  136495970 |   15 |       0 | 
| Nobbs        |  135929560 |   85 |       1 | 
| Mikkouer     |  135695726 |   15 |       1 | 
| Noturgo      |  135659600 |   70 |       1 | 
| Fingust      |  135627270 |   66 |       1 | 
| Jumbo        |  135611054 |   83 |       0 | 
| Deemer       |  134420928 |   61 |       1 | 
| Merioli      |  133947680 |   83 |       1 | 
| Crueger      |  133805259 |   82 |       0 | 
| Tiigeri      |  133490219 |   81 |       1 | 
| Menglan      |  132761334 |   80 |       1 | 
| Malcom       |  132496982 |   70 |       0 | 
| Ktonis       |  132147614 |   51 |       1 | 
| Minesweeper  |  132030539 |   80 |       1 | 
| Guffy        |  131939516 |   87 |       0 | 
| Nargar       |  131687047 |   77 |       0 | 
| Zock         |  131508926 |   78 |       0 | 
| Welwood      |  131062822 |   80 |       1 | 
| Nemi         |  130674650 |   82 |       1 | 
| Kylyma       |  130286555 |   74 |       1 | 
| Golieth      |  130157480 |   84 |       0 | 
| Arthedain    |  129405028 |   75 |       0 | 
| Moonglaze    |  129296279 |   80 |       0 | 
| Shiwa        |  129003364 |   78 |       0 | 
| Alakhai      |  128963497 |   75 |       1 | 
| Hirmu        |  128721068 |   91 |       1 | 
| Redcap       |  128476306 |   70 |       0 | 
| Habbar       |  128347838 |   83 |       1 | 
| Kardon       |  128298332 |   86 |       0 | 
| Nathanielw   |  127581108 |   87 |       0 | 
| Grand        |  127396829 |    1 |       1 | 
| Thunderheart |  127319760 |   80 |       1 | 
| Calmis       |  127171187 |   80 |       0 | 
| Sirda        |  127001571 |   78 |       0 | 
| Keffe        |  126934032 |   90 |       1 | 
| Iktomi       |  126882798 |   78 |       0 | 
| Thanaxos     |  126720929 |   69 |       0 | 
| Kaahn        |  126679148 |   80 |       1 | 
| Nyriori      |  126661358 |   81 |       0 | 
| Smeagol      |  126302692 |   78 |       1 | 
| Garth        |  126057657 |   75 |       0 | 
| Miao         |  125902899 |   15 |       1 | 
| Dali         |  125854907 |   78 |       1 | 
| Furtoe       |  125840854 |   83 |       0 | 
| Saapas       |  125616118 |   80 |       0 | 
| Xunisiih     |  125553392 |   45 |       1 | 
| Tarquin      |  125232017 |   43 |       0 | 
| Glace        |  124943469 |   80 |       0 | 
| Glory        |  124198071 |   82 |       1 | 
| Westchester  |  124196075 |   85 |       0 | 
| Etar         |  123951349 |   76 |       0 | 
| Magnar       |  123776516 |   70 |       0 | 
| Kaolin       |  123574359 |   70 |       0 | 
| Letrebil     |  123510587 |   75 |       1 | 
| Ameepa       |  123489826 |   80 |       1 | 
| Rekcedien    |  123296244 |   80 |       0 | 
| Patriot      |  123175489 |   75 |       0 | 
| Malekith     |  123047316 |   75 |       0 | 
| Myytti       |  122980762 |   80 |       0 | 
| Gorrax       |  122875125 |   69 |       0 | 
| Piiper       |  122499709 |   75 |       0 | 
| Luggage      |  122481433 |   73 |       0 | 
| Oktimatus    |  122394003 |   80 |       0 | 
| Folder       |  122355045 |   81 |       1 | 
| Ragnhild     |  122249411 |   77 |       0 | 
| Grind        |  122172018 |   77 |       1 | 
| Lyrik        |  122125482 |   82 |       0 | 
| Ruttuturpa   |  121515026 |   84 |       0 | 
| Whogmag      |  121427577 |   78 |       0 | 
| Kealios      |  121303114 |   79 |       0 | 
| Elgarth      |  120861037 |   75 |       1 | 
| Mephisto     |  120683904 |   65 |       1 | 
| Bmoa         |  120670336 |   81 |       0 | 
| Chaste       |  120524492 |   62 |       0 | 
| Naflein      |  120524485 |   79 |       1 | 
| Soulhunter   |  120510732 |   76 |       0 | 
| Izrabljeni   |  120223465 |   72 |       0 | 
| Reima        |  120112780 |   80 |       0 | 
| Pretorian    |  119845402 |   50 |       1 | 
| Braxx        |  119662149 |   65 |       0 | 
| Drizzin      |  119553501 |   85 |       1 | 
| Raist        |  119458647 |   85 |       0 | 
| Deflak       |  119395636 |   77 |       1 | 
| Byleth       |  118716830 |   70 |       1 | 
| Chador       |  118659511 |   75 |       0 | 
| Sillma       |  118585651 |   70 |       0 | 
| Rutaliator   |  118400606 |   17 |       0 | 
| Tawno        |  118288294 |   82 |       0 | 
| Juo          |  118280142 |   73 |       0 | 
| Sundstar     |  117119168 |   83 |       0 | 
| Silentkilla  |  116605577 |   74 |       0 | 
| Altair       |  115936373 |   70 |       1 | 
| Starrlight   |  115245214 |   81 |       1 | 
| Hipsi        |  115204205 |   83 |       1 | 
| Blizt        |  115118375 |   60 |       0 | 
| Possurobotti |  114628420 |   76 |       1 | 
| Hwarang      |  114454182 |   78 |       0 | 
| Tikku        |  114371204 |   73 |       0 | 
| Juki         |  114352440 |   70 |       0 | 
| Nathalie     |  114260054 |   85 |       1 | 
| Nullnullatte |  114166975 |   71 |       0 | 
| Choque       |  114067385 |   78 |       1 | 
| Janosh       |  113800391 |   53 |       0 | 
| Keho         |  113689257 |   80 |       1 | 
| Pokka        |  113544675 |   85 |       0 | 
| Gruuve       |  113332754 |   78 |       0 | 
| Dink         |  113293897 |   75 |       0 | 
| Shifu        |  112675702 |   70 |       0 | 
| Patris       |  112653114 |   67 |       1 | 
| Anrak        |  112598290 |   71 |       0 | 
| Froggy       |  112068774 |   75 |       0 | 
| Louen        |  111963136 |   55 |       0 | 
| Crx          |  111464205 |   80 |       1 | 
| Krnlpanik    |  111338703 |   72 |       0 | 
| Scatman      |  111311892 |   75 |       0 | 
| Scytale      |  111301489 |   78 |       0 | 
| Ruffneck     |  111300028 |   77 |       0 | 
| Mabber       |  111023871 |   79 |       1 | 
| Danefl       |  110915426 |   76 |       0 | 
| Dab          |  110789758 |   70 |       0 | 
| Chilth       |  110718246 |   70 |       0 | 
| Valkrist     |  109892784 |   72 |       0 | 
| Dheos        |  109857507 |   83 |       0 | 
| Monty        |  109693932 |   75 |       1 | 
| Yorkaturr    |  109604965 |   90 |       0 | 
| Wolfteeth    |  109362990 |   76 |       0 | 
| Mortak       |  109192889 |   77 |       0 | 
| Odina        |  109062509 |   80 |       1 | 
| Kaz          |  108993444 |   77 |       0 | 
| Acennan      |  108717737 |   70 |       1 | 
| Euno         |  108610615 |   80 |       0 | 
| Kuulio       |  108353432 |   77 |       1 | 
| Malicar      |  108292032 |   66 |       0 | 
| Arnac        |  108250501 |   80 |       1 | 
| Zaracen      |  107736744 |   75 |       0 | 
| Bauglir      |  107703464 |   74 |       0 | 
| Anammox      |  107664822 |   71 |       0 | 
| Eskorbuto    |  107636247 |   72 |       0 | 
| Mangy        |  107365038 |   50 |       0 | 
| Kawasa       |  107033979 |   24 |       1 | 
| Keitolainen  |  106926881 |   66 |       1 | 
| Malice       |  106833692 |   80 |       0 | 
| Dupre        |  106739150 |   68 |       0 | 
| Nedra        |  106472852 |   62 |       0 | 
| Raunk        |  106296207 |   80 |       1 | 
| Llewar       |  106000640 |   84 |       1 | 
| Jumar        |  105967778 |   76 |       0 | 
| Glarin       |  105919019 |   73 |       0 | 
| Moonraven    |  105788549 |   75 |       1 | 
| Arga         |  105644710 |   15 |       1 | 
| Hades        |  105514831 |   81 |       1 | 
| Brewer       |  105008263 |   70 |       0 | 
| Galronio     |  104984797 |   75 |       0 | 
| Lillith      |  104794643 |   70 |       0 | 
| Fistan       |  104734691 |   75 |       1 | 
| Dralith      |  104578457 |   85 |       0 | 
| Acidia       |  104569125 |   78 |       1 | 
| Umbar        |  104540134 |   72 |       0 | 
| Saboteur     |  104159980 |   72 |       1 | 
| Lordborgman  |  104151740 |   78 |       0 | 
| Cannedheat   |  103984843 |   45 |       0 | 
| Samil        |  103981597 |   74 |       0 | 
| Yen          |  103896471 |   72 |       1 | 
| Copkiller    |  103657528 |   79 |       0 | 
| Darker       |  103559617 |   66 |       0 | 
| Tedra        |  103435991 |   70 |       0 | 
| Ashh         |  103256693 |   88 |       0 | 
| Mudax        |  103249777 |   50 |       1 | 
| Llorakhsan   |  103207241 |   75 |       0 | 
| Klaes        |  103133044 |   68 |       1 | 
| Varis        |  103106711 |   55 |       0 | 
| Deltan       |  102451859 |   79 |       1 | 
| Heinz        |  102420376 |   66 |       1 | 
| Roark        |  102117860 |   70 |       0 | 
| Caesar       |  101988152 |   30 |       1 | 
| Bartemus     |  101768175 |   70 |       0 | 
| Thematic     |  101536104 |   74 |       1 | 
| Zarquan      |  101371844 |   80 |       0 | 
| Phoebe       |  101172831 |   72 |       1 | 
| Chandris     |  100981869 |   78 |       1 | 
| Lornah       |  100906422 |   72 |       1 | 
| Millikan     |  100774990 |   73 |       0 | 
| Morrigu      |  100671230 |   75 |       1 | 
| Avandhar     |  100529208 |   70 |       0 | 
| Dione        |  100499642 |   68 |       0 | 
| Nuubi        |  100489859 |   80 |       0 | 
| Marzo        |  100385595 |   69 |       1 | 
| Minni        |  100175289 |   80 |       1 | 
| Dakkon       |  100131073 |   81 |       0 | 
| Sandra       |  100113001 |   75 |       0 | 
| Van          |  100024716 |   63 |       0 | 
| Draketest    |  100000009 |   46 |       1 | 
| Ihaa         |   99991554 |    1 |       1 | 
| Azariah      |   99922684 |   79 |       1 | 
| Spearhead    |   99897330 |   65 |       0 | 
| Termari      |   99883302 |   80 |       1 | 
| Xianator     |   99870423 |    7 |       0 | 
| Svaba        |   99613558 |   64 |       0 | 
| Scooter      |   99562477 |   40 |       1 | 
| Graxrah      |   99431809 |   70 |       0 | 
| Scofield     |   99381924 |   68 |       0 | 
| Edrick       |   99363414 |   55 |       0 | 
| Samebi       |   99297066 |   82 |       1 | 
| Dandalf      |   99280471 |   78 |       0 | 
| Jaro         |   99193333 |   61 |       0 | 
| Syna         |   99165514 |   75 |       0 | 
| Yggdrasil    |   99079571 |   60 |       0 | 
| Atheo        |   98685658 |   74 |       0 | 
| Peijooni     |   98644420 |   77 |       1 | 
| Silvanus     |   98524995 |   72 |       0 | 
| Hemicuda     |   98239418 |   77 |       0 | 
| Venturus     |   98082465 |   68 |       1 | 
| Idles        |   97942240 |   77 |       1 | 
| Marrow       |   97706023 |   80 |       1 | 
| Oxes         |   97652885 |   62 |       0 | 
| Ikira        |   97523766 |   30 |       0 | 
| Darkki       |   97317476 |   17 |       1 | 
| Serc         |   97099098 |   80 |       0 | 
| Gearshifter  |   97013125 |   70 |       1 | 
| Tritor       |   96831713 |   77 |       0 | 
| Trench       |   96740439 |   78 |       1 | 
| Tnt          |   96537241 |   70 |       1 | 
| Jermy        |   96276237 |   78 |       0 | 
| Helldorna    |   96266003 |   70 |       1 | 
| Kiomet       |   96047428 |   52 |       1 | 
| Grondle      |   95600698 |   74 |       0 | 
| Cirrus       |   95496576 |   41 |       0 | 
| Karrstone    |   95410701 |   65 |       1 | 
| Martyr       |   95384592 |   71 |       1 | 
| Dangergirl   |   95266352 |   65 |       0 | 
| Lintu        |   95020532 |   66 |       0 | 
| Coolguy      |   94893934 |   72 |       0 | 
| Dreadlord    |   94612531 |   70 |       0 | 
| Sinoli       |   94576317 |   72 |       0 | 
| Aludar       |   94221339 |   56 |       1 | 
| Mazzon       |   93998052 |   59 |       0 | 
| Litteboy     |   93949812 |   63 |       0 | 
| Fiend        |   93925529 |   67 |       0 | 
| Kata         |   93914000 |   79 |       1 | 
| Zarman       |   93469213 |   76 |       0 | 
| Wermo        |   93418124 |   76 |       1 | 
| Tyger        |   93193302 |   63 |       0 | 
| Morthius     |   92883901 |   76 |       1 | 
| Fuma         |   92498449 |   10 |       0 | 
| Dreuger      |   92475601 |   61 |       0 | 
| Kreldor      |   92429432 |   36 |       1 | 
| Charyb       |   92255146 |   77 |       0 | 
| Jage         |   92172286 |   71 |       0 | 
| Sisar        |   91998323 |   42 |       1 | 
| Gidan        |   91977970 |   80 |       0 | 
| Ase          |   91868465 |   68 |       0 | 
| Antonius     |   91835722 |   54 |       1 | 
| Hicks        |   91314232 |   73 |       0 | 
| Teddy        |   91165564 |   65 |       0 | 
| Aldaron      |   91164324 |   73 |       0 | 
| Gilsereg     |   91139583 |   70 |       0 | 
| Zandrea      |   91115484 |   76 |       0 | 
| Sriel        |   91037320 |   87 |       1 | 
| Ivanor       |   90945627 |   35 |       0 | 
| Raptor       |   90739590 |   71 |       0 | 
| Tiktok       |   90635283 |   72 |       1 | 
| Houtmi       |   90430022 |   85 |       1 | 
| Yggrasil     |   90378199 |   73 |       0 | 
| Maho         |   90265469 |   81 |       1 | 
| Hormelo      |   90115330 |   70 |       1 | 
| Vetisteleva  |   89998670 |   74 |       1 | 
| Duracell     |   89961553 |   67 |       0 | 
| Loderunner   |   89824824 |   22 |       0 | 
| Nyghtshade   |   89780630 |   77 |       0 | 
| Koparampo    |   89704338 |   57 |       1 | 
| Drak         |   89633661 |   51 |       0 | 
| Pera         |   89056461 |   64 |       1 | 
| Hellvasara   |   89007090 |   69 |       0 | 
| Taras        |   88672520 |   50 |       1 | 
| Pusta        |   88326864 |   75 |       1 | 
| Amoal        |   88324666 |   72 |       1 | 
| Kal          |   88190036 |   78 |       1 | 
| Hellslayer   |   88149554 |   77 |       0 | 
| Jessen       |   88075861 |   78 |       0 | 
| Unacorda     |   87963453 |   48 |       0 | 
| Timotei      |   87604055 |   75 |       0 | 
| Ednar        |   87577010 |   48 |       0 | 
| Zaerth       |   87465130 |   72 |       0 | 
| Mordol       |   87020945 |   62 |       0 | 
| Zyclop       |   86984870 |   56 |       0 | 
| Ens          |   86806992 |   76 |       0 | 
| Line         |   86732955 |   79 |       1 | 
| Ranma        |   86691924 |   54 |       0 | 
| Jemis        |   86680301 |   77 |       0 | 
| Tornipeikko  |   86458434 |   67 |       1 | 
| Miserable    |   85714194 |   67 |       0 | 
| Zorru        |   85694821 |   73 |       0 | 
| Eldinn       |   85660537 |   65 |       1 | 
| Chronic      |   85255629 |   61 |       0 | 
| Kirya        |   85219637 |   78 |       0 | 
| Marvin       |   85206613 |   23 |       0 | 
| Noitatohtori |   84609972 |   76 |       0 | 
| Hunts        |   83852471 |   75 |       0 | 
| Ragelius     |   83835880 |   68 |       1 | 
| Zion         |   83721425 |   65 |       0 | 
| Ruwar        |   83193618 |    1 |       1 | 
| Conman       |   83116843 |   76 |       1 | 
| Asmodean     |   83105046 |   75 |       1 | 
| Tails        |   82913211 |   44 |       0 | 
| Kapomaagi    |   82895785 |   68 |       0 | 
| Vaara        |   82866597 |   70 |       1 | 
| Zac          |   82343396 |   52 |       0 | 
| Maraqita     |   82341813 |   56 |       0 | 
| Tybert       |   82265170 |   65 |       1 | 
| Chun         |   82118979 |   60 |       1 | 
| Ooga         |   82074320 |   60 |       0 | 
| Doomface     |   81842367 |   60 |       1 | 
| Aginor       |   81795096 |   72 |       0 | 
| Umi          |   81729282 |   50 |       0 | 
| Flynne       |   81697340 |   74 |       0 | 
| Peso         |   81635901 |   76 |       0 | 
| Stranger     |   81569092 |   65 |       0 | 
| Patze        |   81339649 |   65 |       0 | 
| Gildron      |   81299652 |   62 |       1 | 
| Bone         |   80936914 |   66 |       0 | 
| Flab         |   80796523 |   65 |       0 | 
| Orim         |   80758042 |   70 |       0 | 
| Derfel       |   80757176 |   56 |       0 | 
| Styxx        |   80640394 |   82 |       0 | 
| Nips         |   80512384 |   70 |       1 | 
| Himmler      |   80106258 |   70 |       0 | 
| Suzuki       |   80090016 |   73 |       1 | 
| Gunk         |   80000828 |   64 |       0 | 
| Ilidor       |   79829033 |   70 |       0 | 
| Magi         |   79796325 |   65 |       0 | 
| Match        |   79631307 |   65 |       0 | 
| Brutal       |   79471040 |   68 |       0 | 
| Belain       |   79282869 |   70 |       0 | 
| Adgii        |   78743356 |   65 |       1 | 
| Glozic       |   78707286 |   51 |       0 | 
| Aiv          |   78635326 |   66 |       0 | 
| Tobe         |   78576726 |   72 |       1 | 
| Turd         |   78512469 |   70 |       1 | 
| Mystic       |   78224484 |   86 |       1 | 
| Fegud        |   78224399 |   75 |       0 | 
| Aldien       |   78209068 |   70 |       0 | 
| Mizo         |   77852666 |   45 |       0 | 
| Ignore       |   77834605 |   30 |       0 | 
| Theramon     |   77689521 |   76 |       0 | 
| Vince        |   77576903 |   60 |       0 | 
| Ukemi        |   77568629 |   72 |       0 | 
| Campion      |   77386652 |   65 |       1 | 
| Miza         |   77349439 |   61 |       0 | 
| Purse        |   77313270 |   63 |       0 | 
| Ere          |   77224127 |   75 |       1 | 
| Routa        |   77191452 |   75 |       0 | 
| Caronte      |   76999895 |   70 |       0 | 
| Logicus      |   76827272 |   70 |       0 | 
| Nukunuku     |   76289850 |   65 |       0 | 
| Bluefox      |   76209922 |   65 |       1 | 
| Clyer        |   76194992 |   73 |       1 | 
| Caped        |   76160366 |   70 |       0 | 
| Cobrelli     |   75773472 |   57 |       1 | 
| Anarkha      |   75741771 |   73 |       1 | 
| Phyros       |   75678946 |   71 |       1 | 
| Linkless     |   75496234 |   75 |       1 | 
| Haii         |   75361985 |   67 |       0 | 
| Morkil       |   75349572 |   72 |       1 | 
| Crom         |   75294743 |   60 |       0 | 
| Insatiable   |   75222533 |   81 |       1 | 
| Everlast     |   75081471 |   70 |       0 | 
| Genestran    |   75049342 |   56 |       0 | 
| Rwuorio      |   75019505 |   70 |       0 | 
| Malag        |   74959341 |   61 |       0 | 
| Gargoyle     |   74957411 |   60 |       0 | 
| Rhadamanth   |   74866475 |   70 |       0 | 
| Bestrafer    |   74686198 |   43 |       1 | 
| Soulafein    |   74493237 |   64 |       1 | 
+--------------+------------+------+---------+
1000 rows in set (0.00 sec)

mysql> exit
